<?xml version="1.0" encoding="UTF-8"?>
<testsuite xmlns:xsi="http://www.w3.org/2001/XMLSchema-instance" xsi:noNamespaceSchemaLocation="https://maven.apache.org/surefire/maven-surefire-plugin/xsd/surefire-test-report.xsd" name="com.pluralsight.bookstore.repository.BookRepositoryTest" time="1.508" tests="3" errors="0" skipped="0" failures="0">
  <properties>
    <property name="gopherProxySet" value="false"/>
    <property name="awt.toolkit" value="sun.lwawt.macosx.LWCToolkit"/>
    <property name="file.encoding.pkg" value="sun.io"/>
    <property name="java.specification.version" value="1.8"/>
    <property name="sun.cpu.isalist" value=""/>
    <property name="sun.jnu.encoding" value="UTF-8"/>
    <property name="java.class.path" value="/Users/david1/Documents/Code/Java/JavaEECourse/bookstore-back/target/test-classes:/Users/david1/Documents/Code/Java/JavaEECourse/bookstore-back/target/classes:/Users/david1/.m2/repository/javax/javaee-web-api/7.0/javaee-web-api-7.0.jar:/Users/david1/.m2/repository/junit/junit/4.13.2/junit-4.13.2.jar:/Users/david1/.m2/repository/org/hamcrest/hamcrest-core/1.3/hamcrest-core-1.3.jar:/Users/david1/.m2/repository/org/jboss/arquillian/junit/arquillian-junit-container/1.1.13.Final/arquillian-junit-container-1.1.13.Final.jar:/Users/david1/.m2/repository/org/jboss/arquillian/junit/arquillian-junit-core/1.1.13.Final/arquillian-junit-core-1.1.13.Final.jar:/Users/david1/.m2/repository/org/jboss/arquillian/test/arquillian-test-api/1.1.13.Final/arquillian-test-api-1.1.13.Final.jar:/Users/david1/.m2/repository/org/jboss/arquillian/test/arquillian-test-spi/1.1.13.Final/arquillian-test-spi-1.1.13.Final.jar:/Users/david1/.m2/repository/org/jboss/arquillian/core/arquillian-core-spi/1.1.13.Final/arquillian-core-spi-1.1.13.Final.jar:/Users/david1/.m2/repository/org/jboss/arquillian/container/arquillian-container-test-spi/1.1.13.Final/arquillian-container-test-spi-1.1.13.Final.jar:/Users/david1/.m2/repository/org/jboss/arquillian/container/arquillian-container-spi/1.1.13.Final/arquillian-container-spi-1.1.13.Final.jar:/Users/david1/.m2/repository/org/jboss/shrinkwrap/descriptors/shrinkwrap-descriptors-api-base/2.0.0-alpha-10/shrinkwrap-descriptors-api-base-2.0.0-alpha-10.jar:/Users/david1/.m2/repository/org/jboss/arquillian/core/arquillian-core-impl-base/1.1.13.Final/arquillian-core-impl-base-1.1.13.Final.jar:/Users/david1/.m2/repository/org/jboss/arquillian/test/arquillian-test-impl-base/1.1.13.Final/arquillian-test-impl-base-1.1.13.Final.jar:/Users/david1/.m2/repository/org/jboss/arquillian/container/arquillian-container-impl-base/1.1.13.Final/arquillian-container-impl-base-1.1.13.Final.jar:/Users/david1/.m2/repository/org/jboss/arquillian/config/arquillian-config-api/1.1.13.Final/arquillian-config-api-1.1.13.Final.jar:/Users/david1/.m2/repository/org/jboss/arquillian/config/arquillian-config-impl-base/1.1.13.Final/arquillian-config-impl-base-1.1.13.Final.jar:/Users/david1/.m2/repository/org/jboss/shrinkwrap/descriptors/shrinkwrap-descriptors-spi/2.0.0-alpha-10/shrinkwrap-descriptors-spi-2.0.0-alpha-10.jar:/Users/david1/.m2/repository/org/jboss/arquillian/container/arquillian-container-test-impl-base/1.1.13.Final/arquillian-container-test-impl-base-1.1.13.Final.jar:/Users/david1/.m2/repository/org/jboss/arquillian/container/arquillian-container-test-api/1.1.13.Final/arquillian-container-test-api-1.1.13.Final.jar:/Users/david1/.m2/repository/org/jboss/shrinkwrap/shrinkwrap-api/1.2.6/shrinkwrap-api-1.2.6.jar:/Users/david1/.m2/repository/org/jboss/shrinkwrap/shrinkwrap-impl-base/1.2.6/shrinkwrap-impl-base-1.2.6.jar:/Users/david1/.m2/repository/org/jboss/shrinkwrap/shrinkwrap-spi/1.2.6/shrinkwrap-spi-1.2.6.jar:/Users/david1/.m2/repository/org/wildfly/arquillian/wildfly-arquillian-container-remote/2.0.2.Final/wildfly-arquillian-container-remote-2.0.2.Final.jar:/Users/david1/.m2/repository/org/wildfly/arquillian/wildfly-arquillian-common/2.0.2.Final/wildfly-arquillian-common-2.0.2.Final.jar:/Users/david1/.m2/repository/org/jboss/arquillian/testenricher/arquillian-testenricher-cdi/1.1.13.Final/arquillian-testenricher-cdi-1.1.13.Final.jar:/Users/david1/.m2/repository/org/jboss/arquillian/testenricher/arquillian-testenricher-ejb/1.1.13.Final/arquillian-testenricher-ejb-1.1.13.Final.jar:/Users/david1/.m2/repository/org/jboss/arquillian/testenricher/arquillian-testenricher-initialcontext/1.1.13.Final/arquillian-testenricher-initialcontext-1.1.13.Final.jar:/Users/david1/.m2/repository/org/jboss/arquillian/testenricher/arquillian-testenricher-resource/1.1.13.Final/arquillian-testenricher-resource-1.1.13.Final.jar:/Users/david1/.m2/repository/org/jboss/arquillian/protocol/arquillian-protocol-servlet/1.1.13.Final/arquillian-protocol-servlet-1.1.13.Final.jar:/Users/david1/.m2/repository/org/wildfly/arquillian/wildfly-arquillian-testenricher-msc/2.0.2.Final/wildfly-arquillian-testenricher-msc-2.0.2.Final.jar:/Users/david1/.m2/repository/org/wildfly/core/wildfly-server/2.0.10.Final/wildfly-server-2.0.10.Final.jar:/Users/david1/.m2/repository/org/wildfly/core/wildfly-controller/2.0.10.Final/wildfly-controller-2.0.10.Final.jar:/Users/david1/.m2/repository/org/jboss/staxmapper/1.2.0.Final/staxmapper-1.2.0.Final.jar:/Users/david1/.m2/repository/org/wildfly/core/wildfly-domain-http-interface/2.0.10.Final/wildfly-domain-http-interface-2.0.10.Final.jar:/Users/david1/.m2/repository/org/wildfly/core/wildfly-deployment-repository/2.0.10.Final/wildfly-deployment-repository-2.0.10.Final.jar:/Users/david1/.m2/repository/org/wildfly/core/wildfly-platform-mbean/2.0.10.Final/wildfly-platform-mbean-2.0.10.Final.jar:/Users/david1/.m2/repository/org/wildfly/core/wildfly-process-controller/2.0.10.Final/wildfly-process-controller-2.0.10.Final.jar:/Users/david1/.m2/repository/org/wildfly/core/wildfly-network/2.0.10.Final/wildfly-network-2.0.10.Final.jar:/Users/david1/.m2/repository/org/wildfly/core/wildfly-self-contained/2.0.10.Final/wildfly-self-contained-2.0.10.Final.jar:/Users/david1/.m2/repository/org/wildfly/core/wildfly-version/2.0.10.Final/wildfly-version-2.0.10.Final.jar:/Users/david1/.m2/repository/org/jboss/jandex/2.0.1.Final/jandex-2.0.1.Final.jar:/Users/david1/.m2/repository/org/jboss/invocation/jboss-invocation/1.4.1.Final/jboss-invocation-1.4.1.Final.jar:/Users/david1/.m2/repository/org/jboss/logmanager/jboss-logmanager/2.0.3.Final/jboss-logmanager-2.0.3.Final.jar:/Users/david1/.m2/repository/org/jboss/modules/jboss-modules/1.5.1.Final/jboss-modules-1.5.1.Final.jar:/Users/david1/.m2/repository/org/jboss/remoting/jboss-remoting/4.0.18.Final/jboss-remoting-4.0.18.Final.jar:/Users/david1/.m2/repository/org/jboss/sasl/jboss-sasl/1.0.5.Final/jboss-sasl-1.0.5.Final.jar:/Users/david1/.m2/repository/org/jboss/stdio/jboss-stdio/1.0.2.GA/jboss-stdio-1.0.2.GA.jar:/Users/david1/.m2/repository/org/jboss/jboss-vfs/3.2.11.Final/jboss-vfs-3.2.11.Final.jar:/Users/david1/.m2/repository/io/undertow/undertow-core/1.3.15.Final/undertow-core-1.3.15.Final.jar:/Users/david1/.m2/repository/org/wildfly/common/wildfly-common/1.1.0.Final/wildfly-common-1.1.0.Final.jar:/Users/david1/.m2/repository/org/wildfly/core/wildfly-controller-client/2.0.10.Final/wildfly-controller-client-2.0.10.Final.jar:/Users/david1/.m2/repository/org/wildfly/core/wildfly-protocol/2.0.10.Final/wildfly-protocol-2.0.10.Final.jar:/Users/david1/.m2/repository/org/jboss/xnio/xnio-api/3.3.4.Final/xnio-api-3.3.4.Final.jar:/Users/david1/.m2/repository/org/jboss/xnio/xnio-nio/3.3.4.Final/xnio-nio-3.3.4.Final.jar:/Users/david1/.m2/repository/org/jboss/jboss-dmr/1.3.0.Final/jboss-dmr-1.3.0.Final.jar:/Users/david1/.m2/repository/org/jboss/logging/jboss-logging/3.3.0.Final/jboss-logging-3.3.0.Final.jar:/Users/david1/.m2/repository/org/jboss/threads/jboss-threads/2.2.1.Final/jboss-threads-2.2.1.Final.jar:/Users/david1/.m2/repository/org/jboss/shrinkwrap/descriptors/shrinkwrap-descriptors-impl-base/2.0.0-alpha-10/shrinkwrap-descriptors-impl-base-2.0.0-alpha-10.jar:/Users/david1/.m2/repository/org/wildfly/arquillian/wildfly-arquillian-protocol-jmx/2.0.2.Final/wildfly-arquillian-protocol-jmx-2.0.2.Final.jar:/Users/david1/.m2/repository/org/wildfly/security/wildfly-elytron/1.0.2.Final/wildfly-elytron-1.0.2.Final.jar:/Users/david1/.m2/repository/org/jboss/arquillian/protocol/arquillian-protocol-jmx/1.1.13.Final/arquillian-protocol-jmx-1.1.13.Final.jar:/Users/david1/.m2/repository/org/wildfly/core/wildfly-jmx/2.0.10.Final/wildfly-jmx-2.0.10.Final.jar:/Users/david1/.m2/repository/org/jboss/msc/jboss-msc/1.2.6.Final/jboss-msc-1.2.6.Final.jar:/Users/david1/.m2/repository/org/jboss/remotingjmx/remoting-jmx/2.0.1.Final/remoting-jmx-2.0.1.Final.jar:/Users/david1/.m2/repository/org/wildfly/core/wildfly-remoting/2.0.10.Final/wildfly-remoting-2.0.10.Final.jar:/Users/david1/.m2/repository/org/wildfly/core/wildfly-domain-management/2.0.10.Final/wildfly-domain-management-2.0.10.Final.jar:/Users/david1/.m2/repository/org/picketbox/picketbox/4.9.4.Final/picketbox-4.9.4.Final.jar:/Users/david1/.m2/repository/org/wildfly/core/wildfly-core-security/2.0.10.Final/wildfly-core-security-2.0.10.Final.jar:/Users/david1/.m2/repository/org/wildfly/core/wildfly-core-security-api/2.0.10.Final/wildfly-core-security-api-2.0.10.Final.jar:/Users/david1/.m2/repository/org/wildfly/core/wildfly-io/2.0.10.Final/wildfly-io-2.0.10.Final.jar:/Users/david1/.m2/repository/org/jboss/marshalling/jboss-marshalling-river/1.4.10.Final/jboss-marshalling-river-1.4.10.Final.jar:/Users/david1/.m2/repository/org/jboss/marshalling/jboss-marshalling/1.4.10.Final/jboss-marshalling-1.4.10.Final.jar:/Users/david1/.m2/repository/org/jboss/arquillian/core/arquillian-core-api/1.1.13.Final/arquillian-core-api-1.1.13.Final.jar:"/>
    <property name="java.vm.vendor" value="Temurin"/>
    <property name="sun.arch.data.model" value="64"/>
    <property name="java.vendor.url" value="https://adoptium.net/"/>
    <property name="user.timezone" value=""/>
    <property name="java.vm.specification.version" value="1.8"/>
    <property name="os.name" value="Mac OS X"/>
    <property name="user.country" value="US"/>
    <property name="sun.java.launcher" value="SUN_STANDARD"/>
    <property name="sun.boot.library.path" value="/Users/david1/.sdkman/candidates/java/8.0.382-tem/jre/lib"/>
    <property name="sun.java.command" value="/Users/david1/Documents/Code/Java/JavaEECourse/bookstore-back/target/surefire/surefirebooter9085539733025255590.jar /Users/david1/Documents/Code/Java/JavaEECourse/bookstore-back/target/surefire 2025-06-22T15-04-24_810-jvmRun1 surefire5811907060995345321tmp surefire_02852107237191176790tmp"/>
    <property name="http.nonProxyHosts" value="netsparkmobile.com|*.netsparkmobile.com|canopy.us|*.canopy.us|rimon.net.il|*.rimon.net.il|fe80::/64|*.fe80::/64|10.0.0.0/8|*.10.0.0.0/8|192.168.0.0/16|*.192.168.0.0/16|172.16.0.0/12|*.172.16.0.0/12|127.0.0.0/8|*.127.0.0.0/8|quora.com|*.quora.com|capcutapi.com|*.capcutapi.com"/>
    <property name="surefire.test.class.path" value="/Users/david1/Documents/Code/Java/JavaEECourse/bookstore-back/target/test-classes:/Users/david1/Documents/Code/Java/JavaEECourse/bookstore-back/target/classes:/Users/david1/.m2/repository/javax/javaee-web-api/7.0/javaee-web-api-7.0.jar:/Users/david1/.m2/repository/junit/junit/4.13.2/junit-4.13.2.jar:/Users/david1/.m2/repository/org/hamcrest/hamcrest-core/1.3/hamcrest-core-1.3.jar:/Users/david1/.m2/repository/org/jboss/arquillian/junit/arquillian-junit-container/1.1.13.Final/arquillian-junit-container-1.1.13.Final.jar:/Users/david1/.m2/repository/org/jboss/arquillian/junit/arquillian-junit-core/1.1.13.Final/arquillian-junit-core-1.1.13.Final.jar:/Users/david1/.m2/repository/org/jboss/arquillian/test/arquillian-test-api/1.1.13.Final/arquillian-test-api-1.1.13.Final.jar:/Users/david1/.m2/repository/org/jboss/arquillian/test/arquillian-test-spi/1.1.13.Final/arquillian-test-spi-1.1.13.Final.jar:/Users/david1/.m2/repository/org/jboss/arquillian/core/arquillian-core-spi/1.1.13.Final/arquillian-core-spi-1.1.13.Final.jar:/Users/david1/.m2/repository/org/jboss/arquillian/container/arquillian-container-test-spi/1.1.13.Final/arquillian-container-test-spi-1.1.13.Final.jar:/Users/david1/.m2/repository/org/jboss/arquillian/container/arquillian-container-spi/1.1.13.Final/arquillian-container-spi-1.1.13.Final.jar:/Users/david1/.m2/repository/org/jboss/shrinkwrap/descriptors/shrinkwrap-descriptors-api-base/2.0.0-alpha-10/shrinkwrap-descriptors-api-base-2.0.0-alpha-10.jar:/Users/david1/.m2/repository/org/jboss/arquillian/core/arquillian-core-impl-base/1.1.13.Final/arquillian-core-impl-base-1.1.13.Final.jar:/Users/david1/.m2/repository/org/jboss/arquillian/test/arquillian-test-impl-base/1.1.13.Final/arquillian-test-impl-base-1.1.13.Final.jar:/Users/david1/.m2/repository/org/jboss/arquillian/container/arquillian-container-impl-base/1.1.13.Final/arquillian-container-impl-base-1.1.13.Final.jar:/Users/david1/.m2/repository/org/jboss/arquillian/config/arquillian-config-api/1.1.13.Final/arquillian-config-api-1.1.13.Final.jar:/Users/david1/.m2/repository/org/jboss/arquillian/config/arquillian-config-impl-base/1.1.13.Final/arquillian-config-impl-base-1.1.13.Final.jar:/Users/david1/.m2/repository/org/jboss/shrinkwrap/descriptors/shrinkwrap-descriptors-spi/2.0.0-alpha-10/shrinkwrap-descriptors-spi-2.0.0-alpha-10.jar:/Users/david1/.m2/repository/org/jboss/arquillian/container/arquillian-container-test-impl-base/1.1.13.Final/arquillian-container-test-impl-base-1.1.13.Final.jar:/Users/david1/.m2/repository/org/jboss/arquillian/container/arquillian-container-test-api/1.1.13.Final/arquillian-container-test-api-1.1.13.Final.jar:/Users/david1/.m2/repository/org/jboss/shrinkwrap/shrinkwrap-api/1.2.6/shrinkwrap-api-1.2.6.jar:/Users/david1/.m2/repository/org/jboss/shrinkwrap/shrinkwrap-impl-base/1.2.6/shrinkwrap-impl-base-1.2.6.jar:/Users/david1/.m2/repository/org/jboss/shrinkwrap/shrinkwrap-spi/1.2.6/shrinkwrap-spi-1.2.6.jar:/Users/david1/.m2/repository/org/wildfly/arquillian/wildfly-arquillian-container-remote/2.0.2.Final/wildfly-arquillian-container-remote-2.0.2.Final.jar:/Users/david1/.m2/repository/org/wildfly/arquillian/wildfly-arquillian-common/2.0.2.Final/wildfly-arquillian-common-2.0.2.Final.jar:/Users/david1/.m2/repository/org/jboss/arquillian/testenricher/arquillian-testenricher-cdi/1.1.13.Final/arquillian-testenricher-cdi-1.1.13.Final.jar:/Users/david1/.m2/repository/org/jboss/arquillian/testenricher/arquillian-testenricher-ejb/1.1.13.Final/arquillian-testenricher-ejb-1.1.13.Final.jar:/Users/david1/.m2/repository/org/jboss/arquillian/testenricher/arquillian-testenricher-initialcontext/1.1.13.Final/arquillian-testenricher-initialcontext-1.1.13.Final.jar:/Users/david1/.m2/repository/org/jboss/arquillian/testenricher/arquillian-testenricher-resource/1.1.13.Final/arquillian-testenricher-resource-1.1.13.Final.jar:/Users/david1/.m2/repository/org/jboss/arquillian/protocol/arquillian-protocol-servlet/1.1.13.Final/arquillian-protocol-servlet-1.1.13.Final.jar:/Users/david1/.m2/repository/org/wildfly/arquillian/wildfly-arquillian-testenricher-msc/2.0.2.Final/wildfly-arquillian-testenricher-msc-2.0.2.Final.jar:/Users/david1/.m2/repository/org/wildfly/core/wildfly-server/2.0.10.Final/wildfly-server-2.0.10.Final.jar:/Users/david1/.m2/repository/org/wildfly/core/wildfly-controller/2.0.10.Final/wildfly-controller-2.0.10.Final.jar:/Users/david1/.m2/repository/org/jboss/staxmapper/1.2.0.Final/staxmapper-1.2.0.Final.jar:/Users/david1/.m2/repository/org/wildfly/core/wildfly-domain-http-interface/2.0.10.Final/wildfly-domain-http-interface-2.0.10.Final.jar:/Users/david1/.m2/repository/org/wildfly/core/wildfly-deployment-repository/2.0.10.Final/wildfly-deployment-repository-2.0.10.Final.jar:/Users/david1/.m2/repository/org/wildfly/core/wildfly-platform-mbean/2.0.10.Final/wildfly-platform-mbean-2.0.10.Final.jar:/Users/david1/.m2/repository/org/wildfly/core/wildfly-process-controller/2.0.10.Final/wildfly-process-controller-2.0.10.Final.jar:/Users/david1/.m2/repository/org/wildfly/core/wildfly-network/2.0.10.Final/wildfly-network-2.0.10.Final.jar:/Users/david1/.m2/repository/org/wildfly/core/wildfly-self-contained/2.0.10.Final/wildfly-self-contained-2.0.10.Final.jar:/Users/david1/.m2/repository/org/wildfly/core/wildfly-version/2.0.10.Final/wildfly-version-2.0.10.Final.jar:/Users/david1/.m2/repository/org/jboss/jandex/2.0.1.Final/jandex-2.0.1.Final.jar:/Users/david1/.m2/repository/org/jboss/invocation/jboss-invocation/1.4.1.Final/jboss-invocation-1.4.1.Final.jar:/Users/david1/.m2/repository/org/jboss/logmanager/jboss-logmanager/2.0.3.Final/jboss-logmanager-2.0.3.Final.jar:/Users/david1/.m2/repository/org/jboss/modules/jboss-modules/1.5.1.Final/jboss-modules-1.5.1.Final.jar:/Users/david1/.m2/repository/org/jboss/remoting/jboss-remoting/4.0.18.Final/jboss-remoting-4.0.18.Final.jar:/Users/david1/.m2/repository/org/jboss/sasl/jboss-sasl/1.0.5.Final/jboss-sasl-1.0.5.Final.jar:/Users/david1/.m2/repository/org/jboss/stdio/jboss-stdio/1.0.2.GA/jboss-stdio-1.0.2.GA.jar:/Users/david1/.m2/repository/org/jboss/jboss-vfs/3.2.11.Final/jboss-vfs-3.2.11.Final.jar:/Users/david1/.m2/repository/io/undertow/undertow-core/1.3.15.Final/undertow-core-1.3.15.Final.jar:/Users/david1/.m2/repository/org/wildfly/common/wildfly-common/1.1.0.Final/wildfly-common-1.1.0.Final.jar:/Users/david1/.m2/repository/org/wildfly/core/wildfly-controller-client/2.0.10.Final/wildfly-controller-client-2.0.10.Final.jar:/Users/david1/.m2/repository/org/wildfly/core/wildfly-protocol/2.0.10.Final/wildfly-protocol-2.0.10.Final.jar:/Users/david1/.m2/repository/org/jboss/xnio/xnio-api/3.3.4.Final/xnio-api-3.3.4.Final.jar:/Users/david1/.m2/repository/org/jboss/xnio/xnio-nio/3.3.4.Final/xnio-nio-3.3.4.Final.jar:/Users/david1/.m2/repository/org/jboss/jboss-dmr/1.3.0.Final/jboss-dmr-1.3.0.Final.jar:/Users/david1/.m2/repository/org/jboss/logging/jboss-logging/3.3.0.Final/jboss-logging-3.3.0.Final.jar:/Users/david1/.m2/repository/org/jboss/threads/jboss-threads/2.2.1.Final/jboss-threads-2.2.1.Final.jar:/Users/david1/.m2/repository/org/jboss/shrinkwrap/descriptors/shrinkwrap-descriptors-impl-base/2.0.0-alpha-10/shrinkwrap-descriptors-impl-base-2.0.0-alpha-10.jar:/Users/david1/.m2/repository/org/wildfly/arquillian/wildfly-arquillian-protocol-jmx/2.0.2.Final/wildfly-arquillian-protocol-jmx-2.0.2.Final.jar:/Users/david1/.m2/repository/org/wildfly/security/wildfly-elytron/1.0.2.Final/wildfly-elytron-1.0.2.Final.jar:/Users/david1/.m2/repository/org/jboss/arquillian/protocol/arquillian-protocol-jmx/1.1.13.Final/arquillian-protocol-jmx-1.1.13.Final.jar:/Users/david1/.m2/repository/org/wildfly/core/wildfly-jmx/2.0.10.Final/wildfly-jmx-2.0.10.Final.jar:/Users/david1/.m2/repository/org/jboss/msc/jboss-msc/1.2.6.Final/jboss-msc-1.2.6.Final.jar:/Users/david1/.m2/repository/org/jboss/remotingjmx/remoting-jmx/2.0.1.Final/remoting-jmx-2.0.1.Final.jar:/Users/david1/.m2/repository/org/wildfly/core/wildfly-remoting/2.0.10.Final/wildfly-remoting-2.0.10.Final.jar:/Users/david1/.m2/repository/org/wildfly/core/wildfly-domain-management/2.0.10.Final/wildfly-domain-management-2.0.10.Final.jar:/Users/david1/.m2/repository/org/picketbox/picketbox/4.9.4.Final/picketbox-4.9.4.Final.jar:/Users/david1/.m2/repository/org/wildfly/core/wildfly-core-security/2.0.10.Final/wildfly-core-security-2.0.10.Final.jar:/Users/david1/.m2/repository/org/wildfly/core/wildfly-core-security-api/2.0.10.Final/wildfly-core-security-api-2.0.10.Final.jar:/Users/david1/.m2/repository/org/wildfly/core/wildfly-io/2.0.10.Final/wildfly-io-2.0.10.Final.jar:/Users/david1/.m2/repository/org/jboss/marshalling/jboss-marshalling-river/1.4.10.Final/jboss-marshalling-river-1.4.10.Final.jar:/Users/david1/.m2/repository/org/jboss/marshalling/jboss-marshalling/1.4.10.Final/jboss-marshalling-1.4.10.Final.jar:/Users/david1/.m2/repository/org/jboss/arquillian/core/arquillian-core-api/1.1.13.Final/arquillian-core-api-1.1.13.Final.jar:"/>
    <property name="sun.cpu.endian" value="little"/>
    <property name="user.home" value="/Users/david1"/>
    <property name="user.language" value="en"/>
    <property name="java.specification.vendor" value="Oracle Corporation"/>
    <property name="java.home" value="/Users/david1/.sdkman/candidates/java/8.0.382-tem/jre"/>
    <property name="basedir" value="/Users/david1/Documents/Code/Java/JavaEECourse/bookstore-back"/>
    <property name="file.separator" value="/"/>
    <property name="line.separator" value="&#10;"/>
    <property name="java.vm.specification.vendor" value="Oracle Corporation"/>
    <property name="java.specification.name" value="Java Platform API Specification"/>
    <property name="java.awt.graphicsenv" value="sun.awt.CGraphicsEnvironment"/>
    <property name="surefire.real.class.path" value="/Users/david1/Documents/Code/Java/JavaEECourse/bookstore-back/target/surefire/surefirebooter9085539733025255590.jar"/>
    <property name="sun.boot.class.path" value="/Users/david1/.sdkman/candidates/java/8.0.382-tem/jre/lib/resources.jar:/Users/david1/.sdkman/candidates/java/8.0.382-tem/jre/lib/rt.jar:/Users/david1/.sdkman/candidates/java/8.0.382-tem/jre/lib/sunrsasign.jar:/Users/david1/.sdkman/candidates/java/8.0.382-tem/jre/lib/jsse.jar:/Users/david1/.sdkman/candidates/java/8.0.382-tem/jre/lib/jce.jar:/Users/david1/.sdkman/candidates/java/8.0.382-tem/jre/lib/charsets.jar:/Users/david1/.sdkman/candidates/java/8.0.382-tem/jre/lib/jfr.jar:/Users/david1/.sdkman/candidates/java/8.0.382-tem/jre/classes"/>
    <property name="sun.management.compiler" value="HotSpot 64-Bit Tiered Compilers"/>
    <property name="ftp.nonProxyHosts" value="netsparkmobile.com|*.netsparkmobile.com|canopy.us|*.canopy.us|rimon.net.il|*.rimon.net.il|fe80::/64|*.fe80::/64|10.0.0.0/8|*.10.0.0.0/8|192.168.0.0/16|*.192.168.0.0/16|172.16.0.0/12|*.172.16.0.0/12|127.0.0.0/8|*.127.0.0.0/8|quora.com|*.quora.com|capcutapi.com|*.capcutapi.com"/>
    <property name="java.runtime.version" value="1.8.0_382-b05"/>
    <property name="user.name" value="david1"/>
    <property name="path.separator" value=":"/>
    <property name="os.version" value="15.5"/>
    <property name="java.endorsed.dirs" value="/Users/david1/.sdkman/candidates/java/8.0.382-tem/jre/lib/endorsed"/>
    <property name="java.runtime.name" value="OpenJDK Runtime Environment"/>
    <property name="file.encoding" value="UTF-8"/>
    <property name="java.vm.name" value="OpenJDK 64-Bit Server VM"/>
    <property name="localRepository" value="/Users/david1/.m2/repository"/>
    <property name="java.vendor.url.bug" value="https://github.com/adoptium/adoptium-support/issues"/>
    <property name="java.io.tmpdir" value="/var/folders/g3/f3p86nfs6pq_t3qxhr1zvt980000gp/T/"/>
    <property name="java.version" value="1.8.0_382"/>
    <property name="user.dir" value="/Users/david1/Documents/Code/Java/JavaEECourse/bookstore-back"/>
    <property name="os.arch" value="x86_64"/>
    <property name="java.vm.specification.name" value="Java Virtual Machine Specification"/>
    <property name="java.awt.printerjob" value="sun.lwawt.macosx.CPrinterJob"/>
    <property name="sun.os.patch.level" value="unknown"/>
    <property name="java.library.path" value="/Users/david1/Library/Java/Extensions:/Library/Java/Extensions:/Network/Library/Java/Extensions:/System/Library/Java/Extensions:/usr/lib/java:."/>
    <property name="java.vm.info" value="mixed mode"/>
    <property name="java.vendor" value="Temurin"/>
    <property name="java.vm.version" value="25.382-b05"/>
    <property name="java.specification.maintenance.version" value="5"/>
    <property name="java.ext.dirs" value="/Users/david1/Library/Java/Extensions:/Users/david1/.sdkman/candidates/java/8.0.382-tem/jre/lib/ext:/Library/Java/Extensions:/Network/Library/Java/Extensions:/System/Library/Java/Extensions:/usr/lib/java"/>
    <property name="sun.io.unicode.encoding" value="UnicodeBig"/>
    <property name="java.class.version" value="52.0"/>
    <property name="socksNonProxyHosts" value="netsparkmobile.com|*.netsparkmobile.com|canopy.us|*.canopy.us|rimon.net.il|*.rimon.net.il|fe80::/64|*.fe80::/64|10.0.0.0/8|*.10.0.0.0/8|192.168.0.0/16|*.192.168.0.0/16|172.16.0.0/12|*.172.16.0.0/12|127.0.0.0/8|*.127.0.0.0/8|quora.com|*.quora.com|capcutapi.com|*.capcutapi.com"/>
  </properties>
  <testcase name="create" classname="com.pluralsight.bookstore.repository.BookRepositoryTest" time="0.132"/>
  <testcase name="createInvalidBook" classname="com.pluralsight.bookstore.repository.BookRepositoryTest" time="0.025"/>
  <testcase name="findWithInvalidId" classname="com.pluralsight.bookstore.repository.BookRepositoryTest" time="0.04"/>
</testsuite>